<?xml version="1.0" encoding="UTF-8"?>
<!-- Generated by org.testng.reporters.JUnitXMLReporter -->
<testsuite ignored="1" hostname="DESKTOP-OFVVT2S" failures="0" tests="2" name="Default test" time="0.162" errors="0" timestamp="2023-06-16T15:58:40 IST">
  <testcase classname="testngprgms.Prority" name="abc" time="0.032"/>
  <testcase classname="testngprgms.Prority" name="login" time="0.002"/>
  <testcase classname="testngprgms.Prority" name="reg" time="0.0">
    <ignored/>
  </testcase> <!-- reg -->
</testsuite> <!-- Default test -->
