<?xml version="1.0" encoding="UTF-8"?>
<!-- Generated by org.testng.reporters.JUnitXMLReporter -->
<testsuite ignored="3" hostname="DESKTOP-OFVVT2S" failures="0" tests="1" name="Test" time="0.232" errors="0" timestamp="2023-06-16T16:18:27 IST">
  <testcase classname="testngprgms.Grouping" name="test3" time="0.021"/>
  <testcase classname="testngprgms.Grouping" name="test4" time="0.0">
    <ignored/>
  </testcase> <!-- test4 -->
  <testcase classname="testngprgms.Grouping" name="test2" time="0.0">
    <ignored/>
  </testcase> <!-- test2 -->
  <testcase classname="testngprgms.Grouping" name="test1" time="0.0">
    <ignored/>
  </testcase> <!-- test1 -->
</testsuite> <!-- Test -->
